<?xml version="1.0" encoding="UTF-8" ?>
<testsuite tests="1" failures="1" name="tests.ExampleTest" time="13.923" errors="0" skipped="0">
  <properties>
[...]
</properties>
  <testcase classname="tests.ExampleTest" name="testExample" time="13.923">
    <failure message="C:\Users\ltuser\Downloads\uploadButton.png: (0x0) in R[0,0 1440x900]@S(0)" type="FindFailed">FindFailed: C:\Users\ltuser\Downloads\uploadButton.png: (0x0) in R[0,0 1440x900]@S(0)
  Line 2226, in file Region.java
	at org.sikuli.script.Region.wait(Region.java:2226)
	at org.sikuli.script.Region.wait(Region.java:2244)
	at org.sikuli.script.Region.getLocationFromTarget(Region.java:3298)
	at org.sikuli.script.Region.click(Region.java:3916)
	at org.sikuli.script.Region.click(Region.java:3892)
	at tests.ExampleTest.testExample(ExampleTest.java:36)
</failure>
    <system-out>Configuring TestNG with: org.apache.maven.surefire.testng.conf.TestNG652Configurator@27f674d
[error] ImagePath: find: not there: C:\Users\ltuser\Downloads\uploadButton.png
</system-out>
    <system-err>Aug 24, 2023 5:36:40 PM org.openqa.selenium.remote.tracing.opentelemetry.OpenTelemetryTracer createTracer
INFO: Using OpenTelemetry for tracing
log4j:WARN No appenders could be found for logger (io.netty.util.internal.logging.InternalLoggerFactory).
log4j:WARN Please initialize the log4j system properly.
log4j:WARN See http://logging.apache.org/log4j/1.2/faq.html#noconfig for more info.
Aug 24, 2023 5:36:43 PM org.openqa.selenium.remote.ProtocolHandshake createSession
INFO: Detected dialect: W3C
</system-err>
  </testcase>
</testsuite>