<?xml version="1.0" encoding="UTF-8"?>
<!-- Generated by org.testng.reporters.JUnitXMLReporter -->
<testsuite ignored="0" hostname="LT-MBP-066.local" failures="1" tests="1" name="Command line test" time="18.571" errors="0" timestamp="2023-08-24T17:36:59 IST">
  <testcase classname="tests.ExampleTest" name="testExample" time="13.913">
    <failure type="org.sikuli.script.FindFailed" message="C:\Users\ltuser\Downloads\uploadButton.png: (0x0) in R[0,0 1440x900]@S(0)">
      <![CDATA[FindFailed: C:\Users\ltuser\Downloads\uploadButton.png: (0x0) in R[0,0 1440x900]@S(0)
  Line 2226, in file Region.java

at org.sikuli.script.Region.wait(Region.java:2226)
at org.sikuli.script.Region.wait(Region.java:2244)
at org.sikuli.script.Region.getLocationFromTarget(Region.java:3298)
at org.sikuli.script.Region.click(Region.java:3916)
at org.sikuli.script.Region.click(Region.java:3892)
at tests.ExampleTest.testExample(ExampleTest.java:36)
at java.base/java.util.ArrayList.forEach(ArrayList.java:1511)
... Removed 36 stack frames]]>
    </failure>
  </testcase> <!-- testExample -->
</testsuite> <!-- Command line test -->
